<?xml version="1.0" encoding="UTF-8"?>
<!-- Generated by org.testng.reporters.JUnitReportReporter -->
<testsuite skipped="0" hostname="BG1WS0276" name="testcases.DisappearingElements" tests="1" failures="0" timestamp="12 Dec 2017 10:45:13 GMT" time="4.788" errors="0">
  <testcase name="checkdisappearingelements" time="4.788" classname="testcases.DisappearingElements"/>
</testsuite> <!-- testcases.DisappearingElements -->
