<?xml version="1.0" encoding="UTF-8"?>
<!-- Generated by org.testng.reporters.JUnitReportReporter -->
<testsuite skipped="0" hostname="BG1WS0276" name="testcases.ShiftingContent" tests="3" failures="0" timestamp="20 Dec 2017 07:06:21 GMT" time="16.903" errors="0">
  <testcase name="shiftingcontent1" time="6.341" classname="testcases.ShiftingContent"/>
  <testcase name="shiftingcontent2" time="7.162" classname="testcases.ShiftingContent"/>
  <testcase name="shiftingcontent3" time="3.400" classname="testcases.ShiftingContent"/>
</testsuite> <!-- testcases.ShiftingContent -->
