<?xml version="1.0" encoding="UTF-8"?>
<!-- Generated by org.testng.reporters.JUnitReportReporter -->
<testsuite skipped="0" hostname="BG1WS0276" name="testcases.DragAndDrop" tests="1" failures="0" timestamp="20 Dec 2017 09:00:31 GMT" time="3.735" errors="0">
  <testcase name="dragdrop" time="3.735" classname="testcases.DragAndDrop"/>
</testsuite> <!-- testcases.DragAndDrop -->
