<?xml version="1.0" encoding="UTF-8"?>
<!-- Generated by org.testng.reporters.JUnitReportReporter -->
<testsuite skipped="0" hostname="BG1WS0276" name="testcases.FloatingMenu" tests="1" failures="0" timestamp="18 Dec 2017 05:43:42 GMT" time="7.324" errors="0">
  <testcase name="floatingmenu" time="7.324" classname="testcases.FloatingMenu"/>
</testsuite> <!-- testcases.FloatingMenu -->
