<?xml version="1.0" encoding="UTF-8"?>
<!-- Generated by org.testng.reporters.JUnitReportReporter -->
<testsuite skipped="0" hostname="BG1WS0276" name="testcases.DynamicControls" tests="1" failures="0" timestamp="14 Dec 2017 06:06:16 GMT" time="13.204" errors="0">
  <testcase name="dymanicControls" time="13.204" classname="testcases.DynamicControls"/>
</testsuite> <!-- testcases.DynamicControls -->
