<?xml version="1.0" encoding="UTF-8"?>
<!-- Generated by org.testng.reporters.JUnitReportReporter -->
<testsuite skipped="0" hostname="BG1WS0276" name="testcases.BrokenImages" tests="1" failures="0" timestamp="11 Dec 2017 10:03:21 GMT" time="1.800" errors="0">
  <testcase name="brokenimageslink" time="1.800" classname="testcases.BrokenImages"/>
</testsuite> <!-- testcases.BrokenImages -->
