<?xml version="1.0" encoding="UTF-8"?>
<!-- Generated by org.testng.reporters.JUnitReportReporter -->
<testsuite skipped="0" hostname="BG1WS0276" name="testcases.DynamicContent" tests="1" failures="0" timestamp="14 Dec 2017 05:37:26 GMT" time="1.586" errors="0">
  <testcase name="dynamicContent" time="1.586" classname="testcases.DynamicContent"/>
</testsuite> <!-- testcases.DynamicContent -->
