<?xml version="1.0" encoding="UTF-8"?>
<!-- Generated by org.testng.reporters.JUnitReportReporter -->
<testsuite skipped="0" hostname="BG1WS0276" name="testcases.Hovers" tests="1" failures="0" timestamp="19 Dec 2017 07:59:48 GMT" time="10.485" errors="0">
  <testcase name="hovers" time="10.485" classname="testcases.Hovers"/>
</testsuite> <!-- testcases.Hovers -->
