<?xml version="1.0" encoding="UTF-8"?>
<!-- Generated by org.testng.reporters.JUnitReportReporter -->
<testsuite skipped="0" hostname="BG1WS0276" name="testcases.DynamicLoading" tests="1" failures="0" timestamp="14 Dec 2017 07:34:12 GMT" time="35.029" errors="0">
  <testcase name="dynamicLoading" time="35.029" classname="testcases.DynamicLoading"/>
</testsuite> <!-- testcases.DynamicLoading -->
