<?xml version="1.0" encoding="UTF-8"?>
<!-- Generated by org.testng.reporters.JUnitReportReporter -->
<testsuite skipped="0" hostname="BG1WS0276" name="testcases.TestAllLinksOnPage" tests="1" failures="0" timestamp="11 Dec 2017 10:43:31 GMT" time="46.335" errors="0">
  <testcase name="verifylinks" time="46.335" classname="testcases.TestAllLinksOnPage"/>
</testsuite> <!-- testcases.TestAllLinksOnPage -->
