<?xml version="1.0" encoding="UTF-8"?>
<!-- Generated by org.testng.reporters.JUnitReportReporter -->
<testsuite skipped="0" hostname="BG1WS0276" name="testcases.BasicAuth" tests="1" failures="0" timestamp="11 Dec 2017 09:52:58 GMT" time="8.969" errors="0">
  <testcase name="basicAuthlink" time="8.969" classname="testcases.BasicAuth"/>
</testsuite> <!-- testcases.BasicAuth -->
