<?xml version="1.0" encoding="UTF-8"?>
<!-- Generated by org.testng.reporters.JUnitReportReporter -->
<testsuite skipped="0" hostname="BG1WS0276" name="seleniumTest.Driver" tests="3" failures="0" timestamp="08 Dec 2017 11:53:35 GMT" time="2.323" errors="0">
  <testcase name="verifyTitle" time="0.031" classname="seleniumTest.Driver"/>
  <testcase name="abtestinglink" time="0.979" classname="seleniumTest.Driver"/>
  <testcase name="brokenimageslink" time="1.313" classname="seleniumTest.Driver"/>
</testsuite> <!-- seleniumTest.Driver -->
