<?xml version="1.0" encoding="UTF-8"?>
<!-- Generated by org.testng.reporters.JUnitReportReporter -->
<testsuite skipped="0" hostname="BG1WS0276" name="testcases.JQueryUI" tests="1" failures="0" timestamp="19 Dec 2017 10:47:46 GMT" time="9.655" errors="0">
  <testcase name="uiMenus" time="9.655" classname="testcases.JQueryUI"/>
</testsuite> <!-- testcases.JQueryUI -->
