<?xml version="1.0" encoding="UTF-8"?>
<!-- Generated by org.testng.reporters.JUnitReportReporter -->
<testsuite skipped="0" hostname="BG1WS0276" name="testcases.Geolocation" tests="2" failures="0" timestamp="18 Dec 2017 10:36:04 GMT" time="21.393" errors="0">
  <testcase name="geolocation2" time="6.820" classname="testcases.Geolocation"/>
  <testcase name="geolocation1" time="14.573" classname="testcases.Geolocation"/>
</testsuite> <!-- testcases.Geolocation -->
