<?xml version="1.0" encoding="UTF-8"?>
<!-- Generated by org.testng.reporters.JUnitReportReporter -->
<testsuite skipped="0" hostname="BG1WS0276" name="testcases.Checkboxes" tests="1" failures="0" timestamp="12 Dec 2017 10:26:44 GMT" time="1.368" errors="0">
  <testcase name="checkbox" time="1.368" classname="testcases.Checkboxes"/>
</testsuite> <!-- testcases.Checkboxes -->
