<?xml version="1.0" encoding="UTF-8"?>
<!-- Generated by org.testng.reporters.JUnitReportReporter -->
<testsuite skipped="0" hostname="BG1WS0276" name="testcases.JSAlerts" tests="3" failures="0" timestamp="19 Dec 2017 11:29:15 GMT" time="13.286" errors="0">
  <testcase name="jsalerts2" time="4.148" classname="testcases.JSAlerts"/>
  <testcase name="jsalerts3" time="4.141" classname="testcases.JSAlerts"/>
  <testcase name="jsalerts1" time="4.997" classname="testcases.JSAlerts"/>
</testsuite> <!-- testcases.JSAlerts -->
