<?xml version="1.0" encoding="UTF-8"?>
<!-- Generated by org.testng.reporters.JUnitReportReporter -->
<testsuite skipped="0" hostname="BG1WS0276" name="testcases.DropDown" tests="1" failures="0" timestamp="13 Dec 2017 08:53:30 GMT" time="1.104" errors="0">
  <testcase name="dropdown" time="1.104" classname="testcases.DropDown"/>
</testsuite> <!-- testcases.DropDown -->
