<?xml version="1.0" encoding="UTF-8"?>
<!-- Generated by org.testng.reporters.JUnitReportReporter -->
<testsuite skipped="0" hostname="BG1WS0276" name="testcases.Frames" tests="2" failures="0" timestamp="18 Dec 2017 08:52:37 GMT" time="6.491" errors="0">
  <testcase name="frames2" time="4.407" classname="testcases.Frames"/>
  <testcase name="frames1" time="2.084" classname="testcases.Frames"/>
</testsuite> <!-- testcases.Frames -->
