<?xml version="1.0" encoding="UTF-8"?>
<!-- Generated by org.testng.reporters.JUnitReportReporter -->
<testsuite skipped="0" hostname="BG1WS0276" name="testcases.FormAuthentication" tests="2" failures="0" timestamp="18 Dec 2017 06:58:16 GMT" time="11.138" errors="0">
  <testcase name="formvalidation2" time="3.267" classname="testcases.FormAuthentication"/>
  <testcase name="formvalidation1" time="7.871" classname="testcases.FormAuthentication"/>
</testsuite> <!-- testcases.FormAuthentication -->
