<?xml version="1.0" encoding="UTF-8"?>
<!-- Generated by org.testng.reporters.JUnitReportReporter -->
<testsuite skipped="0" hostname="BG1WS0276" name="testcases.Slider" tests="1" failures="0" timestamp="18 Dec 2017 11:17:59 GMT" time="3.016" errors="0">
  <testcase name="slider" time="3.016" classname="testcases.Slider"/>
</testsuite> <!-- testcases.Slider -->
