<?xml version="1.0" encoding="UTF-8"?>
<!-- Generated by org.testng.reporters.JUnitReportReporter -->
<testsuite skipped="0" hostname="BG1WS0276" name="testcases.KeyPress" tests="1" failures="0" timestamp="19 Dec 2017 11:48:51 GMT" time="0.634" errors="0">
  <testcase name="keypress" time="0.634" classname="testcases.KeyPress"/>
</testsuite> <!-- testcases.KeyPress -->
