<?xml version="1.0" encoding="UTF-8"?>
<!-- Generated by org.testng.reporters.JUnitReportReporter -->
<testsuite skipped="0" hostname="BG1WS0276" name="testcases.Editor" tests="1" failures="0" timestamp="20 Dec 2017 07:56:42 GMT" time="8.443" errors="0">
  <testcase name="editor" time="8.443" classname="testcases.Editor"/>
</testsuite> <!-- testcases.Editor -->
