<?xml version="1.0" encoding="UTF-8"?>
<!-- Generated by org.testng.reporters.JUnitReportReporter -->
<testsuite skipped="0" hostname="BG1WS0276" name="testcases.Redirection" tests="3" failures="0" timestamp="20 Dec 2017 06:18:12 GMT" time="30.443" errors="0">
  <testcase name="redirect3" time="13.772" classname="testcases.Redirection"/>
  <testcase name="redirect1" time="5.372" classname="testcases.Redirection"/>
  <testcase name="redirect2" time="11.299" classname="testcases.Redirection"/>
</testsuite> <!-- testcases.Redirection -->
