<?xml version="1.0" encoding="UTF-8"?>
<!-- Generated by org.testng.reporters.JUnitReportReporter -->
<testsuite skipped="0" hostname="BG1WS0276" name="testcases.ABTesting" tests="1" failures="0" timestamp="11 Dec 2017 09:41:53 GMT" time="16.803" errors="0">
  <testcase name="abtestinglink" time="16.803" classname="testcases.ABTesting"/>
</testsuite> <!-- testcases.ABTesting -->
